#
# There is insufficient memory for the Java Runtime Environment to continue.
# Native memory allocation (malloc) failed to allocate 1048576 bytes. Error detail: AllocateHeap
# Possible reasons:
#   The system is out of physical RAM or swap space
#   This process is running with CompressedOops enabled, and the Java Heap may be blocking the growth of the native heap
# Possible solutions:
#   Reduce memory load on the system
#   Increase physical memory or swap space
#   Check if swap backing store is full
#   Decrease Java heap size (-Xmx/-Xms)
#   Decrease number of Java threads
#   Decrease Java thread stack sizes (-Xss)
#   Set larger code cache with -XX:ReservedCodeCacheSize=
#   JVM is running with Unscaled Compressed Oops mode in which the Java heap is
#     placed in the first 4GB address space. The Java Heap base address is the
#     maximum limit for the native heap growth. Please use -XX:HeapBaseMinAddress
#     to set the Java Heap base and to place the Java Heap above 4GB virtual address.
# This output file may be truncated or incomplete.
#
#  Out of Memory Error (allocation.cpp:44), pid=14676, tid=5408
#
# JRE version: OpenJDK Runtime Environment Temurin-21.0.10+7 (21.0.10+7) (build 21.0.10+7-LTS)
# Java VM: OpenJDK 64-Bit Server VM Temurin-21.0.10+7 (21.0.10+7-LTS, mixed mode, sharing, tiered, compressed oops, compressed class ptrs, parallel gc, windows-amd64)
# No core dump will be written. Minidumps are not enabled by default on client versions of Windows
#

---------------  S U M M A R Y ------------

Command Line: --add-modules=ALL-SYSTEM --add-opens=java.base/java.util=ALL-UNNAMED --add-opens=java.base/java.lang=ALL-UNNAMED --add-opens=java.base/sun.nio.fs=ALL-UNNAMED -Declipse.application=org.eclipse.jdt.ls.core.id1 -Dosgi.bundles.defaultStartLevel=4 -Declipse.product=org.eclipse.jdt.ls.core.product -Djava.import.generatesMetadataFilesAtProjectRoot=false -DDetectVMInstallationsJob.disabled=true -Dfile.encoding=utf8 -XX:+UseParallelGC -XX:GCTimeRatio=4 -XX:AdaptiveSizePolicyWeight=90 -Dsun.zip.disableMemoryMapping=true -Xmx2G -Xms100m -Xlog:disable -javaagent:c:\Users\User\.vscode\extensions\redhat.java-1.53.0-win32-x64\lombok\lombok-1.18.39-4050.jar -XX:+HeapDumpOnOutOfMemoryError -XX:HeapDumpPath=c:\Users\User\AppData\Roaming\Code\User\workspaceStorage\2b42f311a94d99c9cbae60540f6b5658\redhat.java -Daether.dependencyCollector.impl=bf c:\Users\User\.vscode\extensions\redhat.java-1.53.0-win32-x64\server\plugins\org.eclipse.equinox.launcher_1.7.100.v20251111-0406.jar -configuration c:\Users\User\AppData\Roaming\Code\User\globalStorage\redhat.java\1.53.0\config_win -data c:\Users\User\AppData\Roaming\Code\User\workspaceStorage\2b42f311a94d99c9cbae60540f6b5658\redhat.java\jdt_ws --pipe=\\.\pipe\lsp-da0c4fb929953cd5446d4747cf63a1f5-sock

Host: Intel(R) Core(TM) i3-6006U CPU @ 2.00GHz, 4 cores, 3G,  Windows 10 , 64 bit Build 19041 (10.0.19041.5915)
Time: Mon Mar  9 00:58:29 2026 Hora oficial do Brasil elapsed time: 5943.221802 seconds (0d 1h 39m 3s)

---------------  T H R E A D  ---------------

Current thread (0x000001812c981760):  JavaThread "Attach Listener" daemon [_thread_in_vm, id=5408, stack(0x0000002e05e00000,0x0000002e05f00000) (1024K)]

Stack: [0x0000002e05e00000,0x0000002e05f00000]
Native frames: (J=compiled Java code, j=interpreted, Vv=VM code, C=native code)
V  [jvm.dll+0x6d7a39]
V  [jvm.dll+0x8b4b26]
V  [jvm.dll+0x8b70de]
V  [jvm.dll+0x8b77c3]
V  [jvm.dll+0x284346]
V  [jvm.dll+0xc1277]
V  [jvm.dll+0x6d82e9]
V  [jvm.dll+0x1334a6]
V  [jvm.dll+0x3f857e]
V  [jvm.dll+0x85f59d]
V  [jvm.dll+0x6d626d]
C  [ucrtbase.dll+0x21bb2]
C  [KERNEL32.DLL+0x17374]
C  [ntdll.dll+0x4cc91]


---------------  P R O C E S S  ---------------

Threads class SMR info:
_java_thread_list=0x0000018175bd25b0, length=31, elements={
0x0000018113d9e970, 0x000001812c979480, 0x000001812c97ad90, 0x000001812c97e6b0,
0x000001812c981760, 0x000001812c983330, 0x000001812c983d90, 0x000001812c984bd0,
0x000001812c9f2cc0, 0x000001816e7cead0, 0x000001816e81f010, 0x0000018173537370,
0x000001817353a650, 0x00000181735596d0, 0x0000018173152520, 0x0000018173624dc0,
0x000001816e6e4f80, 0x000001816e6e2eb0, 0x000001816e6e2820, 0x000001816e6e3540,
0x00000181749817e0, 0x0000018174983f40, 0x000001817497f710, 0x0000018174982500,
0x0000018174983220, 0x0000018174981e70, 0x000001817497e9f0, 0x0000018174980ac0,
0x00000181746652e0, 0x0000018174665970, 0x0000018174669b10
}

Java Threads: ( => current thread )
  0x0000018113d9e970 JavaThread "main"                              [_thread_blocked, id=11440, stack(0x0000002e05700000,0x0000002e05800000) (1024K)]
  0x000001812c979480 JavaThread "Reference Handler"          daemon [_thread_blocked, id=13596, stack(0x0000002e05b00000,0x0000002e05c00000) (1024K)]
  0x000001812c97ad90 JavaThread "Finalizer"                  daemon [_thread_blocked, id=14452, stack(0x0000002e05c00000,0x0000002e05d00000) (1024K)]
  0x000001812c97e6b0 JavaThread "Signal Dispatcher"          daemon [_thread_blocked, id=18572, stack(0x0000002e05d00000,0x0000002e05e00000) (1024K)]
=>0x000001812c981760 JavaThread "Attach Listener"            daemon [_thread_in_vm, id=5408, stack(0x0000002e05e00000,0x0000002e05f00000) (1024K)]
  0x000001812c983330 JavaThread "Service Thread"             daemon [_thread_blocked, id=11224, stack(0x0000002e05f00000,0x0000002e06000000) (1024K)]
  0x000001812c983d90 JavaThread "Monitor Deflation Thread"   daemon [_thread_blocked, id=22188, stack(0x0000002e06000000,0x0000002e06100000) (1024K)]
  0x000001812c984bd0 JavaThread "C2 CompilerThread0"         daemon [_thread_blocked, id=6400, stack(0x0000002e06100000,0x0000002e06200000) (1024K)]
  0x000001812c9f2cc0 JavaThread "C1 CompilerThread0"         daemon [_thread_blocked, id=17312, stack(0x0000002e06200000,0x0000002e06300000) (1024K)]
  0x000001816e7cead0 JavaThread "Common-Cleaner"             daemon [_thread_blocked, id=11072, stack(0x0000002e06300000,0x0000002e06400000) (1024K)]
  0x000001816e81f010 JavaThread "Notification Thread"        daemon [_thread_blocked, id=16396, stack(0x0000002e06400000,0x0000002e06500000) (1024K)]
  0x0000018173537370 JavaThread "Active Thread: Equinox Container: 24ea9cb5-7e87-4721-8841-d6d82e51b2ca"        [_thread_blocked, id=4212, stack(0x0000002e06c00000,0x0000002e06d00000) (1024K)]
  0x000001817353a650 JavaThread "Framework Event Dispatcher: Equinox Container: 24ea9cb5-7e87-4721-8841-d6d82e51b2ca" daemon [_thread_blocked, id=492, stack(0x0000002e06800000,0x0000002e06900000) (1024K)]
  0x00000181735596d0 JavaThread "Start Level: Equinox Container: 24ea9cb5-7e87-4721-8841-d6d82e51b2ca" daemon [_thread_blocked, id=12820, stack(0x0000002e06900000,0x0000002e06a00000) (1024K)]
  0x0000018173152520 JavaThread "Bundle File Closer"         daemon [_thread_blocked, id=19052, stack(0x0000002e06a00000,0x0000002e06b00000) (1024K)]
  0x0000018173624dc0 JavaThread "Refresh Thread: Equinox Container: 24ea9cb5-7e87-4721-8841-d6d82e51b2ca" daemon [_thread_blocked, id=19008, stack(0x0000002e06b00000,0x0000002e06c00000) (1024K)]
  0x000001816e6e4f80 JavaThread "SCR Component Actor"        daemon [_thread_blocked, id=536, stack(0x0000002e06d00000,0x0000002e06e00000) (1024K)]
  0x000001816e6e2eb0 JavaThread "Worker-JM"                         [_thread_blocked, id=1572, stack(0x0000002e06e00000,0x0000002e06f00000) (1024K)]
  0x000001816e6e2820 JavaThread "Java indexing"              daemon [_thread_blocked, id=1036, stack(0x0000002e07300000,0x0000002e07400000) (1024K)]
  0x000001816e6e3540 JavaThread "JNA Cleaner"                daemon [_thread_blocked, id=8580, stack(0x0000002e07400000,0x0000002e07500000) (1024K)]
  0x00000181749817e0 JavaThread "Thread-1"                   daemon [_thread_in_native, id=4964, stack(0x0000002e07700000,0x0000002e07800000) (1024K)]
  0x0000018174983f40 JavaThread "Thread-2"                   daemon [_thread_in_native, id=23496, stack(0x0000002e07800000,0x0000002e07900000) (1024K)]
  0x000001817497f710 JavaThread "Thread-3"                   daemon [_thread_in_native, id=15788, stack(0x0000002e07900000,0x0000002e07a00000) (1024K)]
  0x0000018174982500 JavaThread "Thread-4"                   daemon [_thread_in_native, id=20896, stack(0x0000002e07a00000,0x0000002e07b00000) (1024K)]
  0x0000018174983220 JavaThread "Thread-5"                   daemon [_thread_in_native, id=6632, stack(0x0000002e07b00000,0x0000002e07c00000) (1024K)]
  0x0000018174981e70 JavaThread "pool-2-thread-1"                   [_thread_blocked, id=11680, stack(0x0000002e07c00000,0x0000002e07d00000) (1024K)]
  0x000001817497e9f0 JavaThread "WorkspaceEventsHandler"            [_thread_blocked, id=15248, stack(0x0000002e07e00000,0x0000002e07f00000) (1024K)]
  0x0000018174980ac0 JavaThread "pool-1-thread-1"                   [_thread_blocked, id=7584, stack(0x0000002e07f00000,0x0000002e08000000) (1024K)]
  0x00000181746652e0 JavaThread "Worker-16"                         [_thread_blocked, id=8308, stack(0x0000002e06f00000,0x0000002e07000000) (1024K)]
  0x0000018174665970 JavaThread "Cleaner-0"                  daemon [_thread_blocked, id=10248, stack(0x0000002e07200000,0x0000002e07300000) (1024K)]
  0x0000018174669b10 JavaThread "Worker-17"                         [_thread_blocked, id=9344, stack(0x0000002e07500000,0x0000002e07600000) (1024K)]
Total: 31

Other Threads:
  0x000001811604c9f0 VMThread "VM Thread"                           [id=14068, stack(0x0000002e05a00000,0x0000002e05b00000) (1024K)]
  0x0000018115ffdd50 WatcherThread "VM Periodic Task Thread"        [id=15236, stack(0x0000002e05900000,0x0000002e05a00000) (1024K)]
  0x0000018115fb28d0 WorkerThread "GC Thread#0"                     [id=17464, stack(0x0000002e05800000,0x0000002e05900000) (1024K)]
  0x000001816e985970 WorkerThread "GC Thread#1"                     [id=2152, stack(0x0000002e06500000,0x0000002e06600000) (1024K)]
  0x00000181732ef1c0 WorkerThread "GC Thread#2"                     [id=22952, stack(0x0000002e06600000,0x0000002e06700000) (1024K)]
  0x000001816e98a9e0 WorkerThread "GC Thread#3"                     [id=12572, stack(0x0000002e06700000,0x0000002e06800000) (1024K)]
Total: 6

Threads with active compile tasks:
Total: 0

VM state: not at safepoint (normal execution)

VM Mutex/Monitor currently owned by a thread: None

Heap address: 0x0000000080000000, size: 2048 MB, Compressed Oops mode: 32-bit

CDS archive(s) mapped at: [0x000001812d000000-0x000001812dba0000-0x000001812dba0000), size 12189696, SharedBaseAddress: 0x000001812d000000, ArchiveRelocationMode: 1.
Compressed class space mapped at: 0x000001812e000000-0x000001816e000000, reserved size: 1073741824
Narrow klass base: 0x000001812d000000, Narrow klass shift: 0, Narrow klass range: 0x100000000

GC Precious Log:
 CardTable entry size: 512
 CPUs: 4 total, 4 available
 Memory: 3970M
 Large Page Support: Disabled
 NUMA Support: Disabled
 Compressed Oops: Enabled (32-bit)
 Alignments: Space 512K, Generation 512K, Heap 2M
 Heap Min Capacity: 100M
 Heap Initial Capacity: 100M
 Heap Max Capacity: 2G
 Pre-touch: Disabled
 Parallel Workers: 4

Heap:
 PSYoungGen      total 12800K, used 6996K [0x00000000d5580000, 0x00000000d6e00000, 0x0000000100000000)
  eden space 12288K, 52% used [0x00000000d5580000,0x00000000d5bdacc8,0x00000000d6180000)
  from space 512K, 95% used [0x00000000d6d00000,0x00000000d6d7a420,0x00000000d6d80000)
  to   space 512K, 0% used [0x00000000d6d80000,0x00000000d6d80000,0x00000000d6e00000)
 ParOldGen       total 1308160K, used 530241K [0x0000000080000000, 0x00000000cfd80000, 0x00000000d5580000)
  object space 1308160K, 40% used [0x0000000080000000,0x00000000a05d07e0,0x00000000cfd80000)
 Metaspace       used 85882K, committed 87680K, reserved 1179648K
  class space    used 8818K, committed 9600K, reserved 1048576K

Card table byte_map: [0x0000018115930000,0x0000018115d40000] _byte_map_base: 0x0000018115530000

Marking Bits: (ParMarkBitMap*) 0x00007ffd1afc3450
 Begin Bits: [0x0000018128440000, 0x000001812a440000)
 End Bits:   [0x000001812a440000, 0x000001812c440000)

Polling page: 0x0000018113ff0000

Metaspace:

Usage:
  Non-class:     75.26 MB used.
      Class:      8.61 MB used.
       Both:     83.87 MB used.

Virtual space:
  Non-class space:      128.00 MB reserved,      76.25 MB ( 60%) committed,  2 nodes.
      Class space:        1.00 GB reserved,       9.38 MB ( <1%) committed,  1 nodes.
             Both:        1.12 GB reserved,      85.62 MB (  7%) committed. 

Chunk freelists:
   Non-Class:  3.09 MB
       Class:  6.64 MB
        Both:  9.73 MB

MaxMetaspaceSize: unlimited
CompressedClassSpaceSize: 1.00 GB
Initial GC threshold: 21.00 MB
Current GC threshold: 126.06 MB
CDS: on
 - commit_granule_bytes: 65536.
 - commit_granule_words: 8192.
 - virtual_space_node_default_size: 8388608.
 - enlarge_chunks_in_place: 1.
 - use_allocation_guard: 0.


Internal statistics:

num_allocs_failed_limit: 9.
num_arena_births: 1614.
num_arena_deaths: 50.
num_vsnodes_births: 3.
num_vsnodes_deaths: 0.
num_space_committed: 1370.
num_space_uncommitted: 0.
num_chunks_returned_to_freelist: 61.
num_chunks_taken_from_freelist: 5663.
num_chunk_merges: 18.
num_chunk_splits: 3434.
num_chunks_enlarged: 1964.
num_inconsistent_stats: 0.

CodeHeap 'non-profiled nmethods': size=120000Kb used=18914Kb max_used=18914Kb free=101086Kb
 bounds [0x0000018120c60000, 0x0000018121ee0000, 0x0000018128190000]
CodeHeap 'profiled nmethods': size=120000Kb used=47426Kb max_used=47426Kb free=72573Kb
 bounds [0x0000018119190000, 0x000001811bff0000, 0x00000181206c0000]
CodeHeap 'non-nmethods': size=5760Kb used=1524Kb max_used=1597Kb free=4235Kb
 bounds [0x00000181206c0000, 0x0000018120930000, 0x0000018120c60000]
CodeCache: size=245760Kb, used=67864Kb, max_used=67937Kb, free=177894Kb
 total_blobs=19711, nmethods=18867, adapters=743, full_count=0
Compilation: enabled, stopped_count=0, restarted_count=0

Compilation events (20 events):
Event: 5373.138 Thread 0x000001812c9f2cc0 21175       3       java.util.Formatter$FormatSpecifier::print (912 bytes)
Event: 5373.166 Thread 0x000001812c9f2cc0 nmethod 21175 0x000001811bfd8690 code [0x000001811bfd8d20, 0x000001811bfdc238]
Event: 5373.270 Thread 0x000001812c9f2cc0 21176       3       org.eclipse.core.internal.dtree.DataDeltaNode::compareWithParent (78 bytes)
Event: 5373.381 Thread 0x000001812c9f2cc0 nmethod 21176 0x000001811bfdd910 code [0x000001811bfddb40, 0x000001811bfde328]
Event: 5471.994 Thread 0x000001812c9f2cc0 21177       3       org.eclipse.jdt.ls.core.internal.ParentProcessWatcher::parentProcessStillRunning (62 bytes)
Event: 5472.037 Thread 0x000001812c9f2cc0 nmethod 21177 0x000001811bfde710 code [0x000001811bfde940, 0x000001811bfdf028]
Event: 5511.399 Thread 0x000001812c9f2cc0 21178       1       com.sun.jna.internal.Cleaner::access$200 (5 bytes)
Event: 5511.426 Thread 0x000001812c9f2cc0 nmethod 21178 0x0000018121ed7810 code [0x0000018121ed79a0, 0x0000018121ed7a50]
Event: 5602.197 Thread 0x000001812c984bd0 21179       4       java.util.concurrent.ThreadPoolExecutor$Worker::unlock (7 bytes)
Event: 5602.339 Thread 0x000001812c984bd0 nmethod 21179 0x0000018121ed7b10 code [0x0000018121ed7ca0, 0x0000018121ed7db8]
Event: 5722.099 Thread 0x000001812c9f2cc0 21180   !   3       java.lang.ref.ReferenceQueue::remove (61 bytes)
Event: 5722.201 Thread 0x000001812c9f2cc0 nmethod 21180 0x000001811bfdf290 code [0x000001811bfdf520, 0x000001811bfe00a8]
Event: 5882.166 Thread 0x000001812c9f2cc0 21182       3       org.eclipse.core.internal.filesystem.local.LocalFile::hashCode (25 bytes)
Event: 5882.240 Thread 0x000001812c9f2cc0 nmethod 21182 0x000001811bfe0490 code [0x000001811bfe0660, 0x000001811bfe08e8]
Event: 5882.380 Thread 0x000001812c9f2cc0 21183       1       org.eclipse.lsp4j.jsonrpc.json.MessageJsonHandler::getMethodProvider (5 bytes)
Event: 5882.385 Thread 0x000001812c9f2cc0 nmethod 21183 0x0000018121ed7f10 code [0x0000018121ed80a0, 0x0000018121ed8168]
Event: 5882.386 Thread 0x000001812c9f2cc0 21184       1       org.eclipse.lsp4j.jsonrpc.json.JsonRpcMethod::getReturnType (5 bytes)
Event: 5882.388 Thread 0x000001812c9f2cc0 nmethod 21184 0x0000018121ed8210 code [0x0000018121ed83a0, 0x0000018121ed8468]
Event: 5882.389 Thread 0x000001812c9f2cc0 21185       1       org.eclipse.lsp4j.jsonrpc.json.JsonRpcMethod::getReturnTypeAdapterFactory (5 bytes)
Event: 5882.392 Thread 0x000001812c9f2cc0 nmethod 21185 0x0000018121ed8510 code [0x0000018121ed86a0, 0x0000018121ed8768]

GC Heap History (20 events):
Event: 4975.650 GC heap before
{Heap before GC invocations=2590 (full 4):
 PSYoungGen      total 14848K, used 14848K [0x00000000d5580000, 0x00000000d7b80000, 0x0000000100000000)
  eden space 12288K, 100% used [0x00000000d5580000,0x00000000d6180000,0x00000000d6180000)
  from space 2560K, 100% used [0x00000000d6180000,0x00000000d6400000,0x00000000d6400000)
  to   space 13312K, 0% used [0x00000000d6e80000,0x00000000d6e80000,0x00000000d7b80000)
 ParOldGen       total 1308160K, used 526353K [0x0000000080000000, 0x00000000cfd80000, 0x00000000d5580000)
  object space 1308160K, 40% used [0x0000000080000000,0x00000000a0204610,0x00000000cfd80000)
 Metaspace       used 85662K, committed 87424K, reserved 1179648K
  class space    used 8813K, committed 9600K, reserved 1048576K
}
Event: 4975.705 GC heap after
{Heap after GC invocations=2590 (full 4):
 PSYoungGen      total 13824K, used 1234K [0x00000000d5580000, 0x00000000d7000000, 0x0000000100000000)
  eden space 12288K, 0% used [0x00000000d5580000,0x00000000d5580000,0x00000000d6180000)
  from space 1536K, 80% used [0x00000000d6e80000,0x00000000d6fb4800,0x00000000d7000000)
  to   space 5120K, 0% used [0x00000000d6600000,0x00000000d6600000,0x00000000d6b00000)
 ParOldGen       total 1308160K, used 528951K [0x0000000080000000, 0x00000000cfd80000, 0x00000000d5580000)
  object space 1308160K, 40% used [0x0000000080000000,0x00000000a048dd20,0x00000000cfd80000)
 Metaspace       used 85662K, committed 87424K, reserved 1179648K
  class space    used 8813K, committed 9600K, reserved 1048576K
}
Event: 4976.182 GC heap before
{Heap before GC invocations=2591 (full 4):
 PSYoungGen      total 13824K, used 13522K [0x00000000d5580000, 0x00000000d7000000, 0x0000000100000000)
  eden space 12288K, 100% used [0x00000000d5580000,0x00000000d6180000,0x00000000d6180000)
  from space 1536K, 80% used [0x00000000d6e80000,0x00000000d6fb4800,0x00000000d7000000)
  to   space 5120K, 0% used [0x00000000d6600000,0x00000000d6600000,0x00000000d6b00000)
 ParOldGen       total 1308160K, used 528951K [0x0000000080000000, 0x00000000cfd80000, 0x00000000d5580000)
  object space 1308160K, 40% used [0x0000000080000000,0x00000000a048dd20,0x00000000cfd80000)
 Metaspace       used 85674K, committed 87424K, reserved 1179648K
  class space    used 8816K, committed 9600K, reserved 1048576K
}
Event: 4976.203 GC heap after
{Heap after GC invocations=2591 (full 4):
 PSYoungGen      total 17408K, used 425K [0x00000000d5580000, 0x00000000d6f00000, 0x0000000100000000)
  eden space 12288K, 0% used [0x00000000d5580000,0x00000000d5580000,0x00000000d6180000)
  from space 5120K, 8% used [0x00000000d6600000,0x00000000d666a400,0x00000000d6b00000)
  to   space 1536K, 0% used [0x00000000d6d80000,0x00000000d6d80000,0x00000000d6f00000)
 ParOldGen       total 1308160K, used 529977K [0x0000000080000000, 0x00000000cfd80000, 0x00000000d5580000)
  object space 1308160K, 40% used [0x0000000080000000,0x00000000a058e7e0,0x00000000cfd80000)
 Metaspace       used 85674K, committed 87424K, reserved 1179648K
  class space    used 8816K, committed 9600K, reserved 1048576K
}
Event: 4976.889 GC heap before
{Heap before GC invocations=2592 (full 4):
 PSYoungGen      total 17408K, used 12713K [0x00000000d5580000, 0x00000000d6f00000, 0x0000000100000000)
  eden space 12288K, 100% used [0x00000000d5580000,0x00000000d6180000,0x00000000d6180000)
  from space 5120K, 8% used [0x00000000d6600000,0x00000000d666a400,0x00000000d6b00000)
  to   space 1536K, 0% used [0x00000000d6d80000,0x00000000d6d80000,0x00000000d6f00000)
 ParOldGen       total 1308160K, used 529977K [0x0000000080000000, 0x00000000cfd80000, 0x00000000d5580000)
  object space 1308160K, 40% used [0x0000000080000000,0x00000000a058e7e0,0x00000000cfd80000)
 Metaspace       used 85679K, committed 87424K, reserved 1179648K
  class space    used 8816K, committed 9600K, reserved 1048576K
}
Event: 4976.896 GC heap after
{Heap after GC invocations=2592 (full 4):
 PSYoungGen      total 12800K, used 489K [0x00000000d5580000, 0x00000000d6e00000, 0x0000000100000000)
  eden space 12288K, 0% used [0x00000000d5580000,0x00000000d5580000,0x00000000d6180000)
  from space 512K, 95% used [0x00000000d6d80000,0x00000000d6dfa400,0x00000000d6e00000)
  to   space 1024K, 0% used [0x00000000d6c00000,0x00000000d6c00000,0x00000000d6d00000)
 ParOldGen       total 1308160K, used 530001K [0x0000000080000000, 0x00000000cfd80000, 0x00000000d5580000)
  object space 1308160K, 40% used [0x0000000080000000,0x00000000a05947e0,0x00000000cfd80000)
 Metaspace       used 85679K, committed 87424K, reserved 1179648K
  class space    used 8816K, committed 9600K, reserved 1048576K
}
Event: 4977.770 GC heap before
{Heap before GC invocations=2593 (full 4):
 PSYoungGen      total 12800K, used 12777K [0x00000000d5580000, 0x00000000d6e00000, 0x0000000100000000)
  eden space 12288K, 100% used [0x00000000d5580000,0x00000000d6180000,0x00000000d6180000)
  from space 512K, 95% used [0x00000000d6d80000,0x00000000d6dfa400,0x00000000d6e00000)
  to   space 1024K, 0% used [0x00000000d6c00000,0x00000000d6c00000,0x00000000d6d00000)
 ParOldGen       total 1308160K, used 530001K [0x0000000080000000, 0x00000000cfd80000, 0x00000000d5580000)
  object space 1308160K, 40% used [0x0000000080000000,0x00000000a05947e0,0x00000000cfd80000)
 Metaspace       used 85690K, committed 87488K, reserved 1179648K
  class space    used 8817K, committed 9600K, reserved 1048576K
}
Event: 4977.776 GC heap after
{Heap after GC invocations=2593 (full 4):
 PSYoungGen      total 13312K, used 265K [0x00000000d5580000, 0x00000000d6e00000, 0x0000000100000000)
  eden space 12288K, 0% used [0x00000000d5580000,0x00000000d5580000,0x00000000d6180000)
  from space 1024K, 25% used [0x00000000d6c00000,0x00000000d6c42400,0x00000000d6d00000)
  to   space 512K, 0% used [0x00000000d6d80000,0x00000000d6d80000,0x00000000d6e00000)
 ParOldGen       total 1308160K, used 530017K [0x0000000080000000, 0x00000000cfd80000, 0x00000000d5580000)
  object space 1308160K, 40% used [0x0000000080000000,0x00000000a05987e0,0x00000000cfd80000)
 Metaspace       used 85690K, committed 87488K, reserved 1179648K
  class space    used 8817K, committed 9600K, reserved 1048576K
}
Event: 4978.412 GC heap before
{Heap before GC invocations=2594 (full 4):
 PSYoungGen      total 13312K, used 12537K [0x00000000d5580000, 0x00000000d6e00000, 0x0000000100000000)
  eden space 12288K, 99% used [0x00000000d5580000,0x00000000d617c010,0x00000000d6180000)
  from space 1024K, 25% used [0x00000000d6c00000,0x00000000d6c42400,0x00000000d6d00000)
  to   space 512K, 0% used [0x00000000d6d80000,0x00000000d6d80000,0x00000000d6e00000)
 ParOldGen       total 1308160K, used 530017K [0x0000000080000000, 0x00000000cfd80000, 0x00000000d5580000)
  object space 1308160K, 40% used [0x0000000080000000,0x00000000a05987e0,0x00000000cfd80000)
 Metaspace       used 85692K, committed 87488K, reserved 1179648K
  class space    used 8817K, committed 9600K, reserved 1048576K
}
Event: 4978.421 GC heap after
{Heap after GC invocations=2594 (full 4):
 PSYoungGen      total 12800K, used 148K [0x00000000d5580000, 0x00000000d6e00000, 0x0000000100000000)
  eden space 12288K, 0% used [0x00000000d5580000,0x00000000d5580000,0x00000000d6180000)
  from space 512K, 29% used [0x00000000d6d80000,0x00000000d6da5200,0x00000000d6e00000)
  to   space 512K, 0% used [0x00000000d6d00000,0x00000000d6d00000,0x00000000d6d80000)
 ParOldGen       total 1308160K, used 530065K [0x0000000080000000, 0x00000000cfd80000, 0x00000000d5580000)
  object space 1308160K, 40% used [0x0000000080000000,0x00000000a05a47e0,0x00000000cfd80000)
 Metaspace       used 85692K, committed 87488K, reserved 1179648K
  class space    used 8817K, committed 9600K, reserved 1048576K
}
Event: 4978.514 GC heap before
{Heap before GC invocations=2595 (full 4):
 PSYoungGen      total 12800K, used 12436K [0x00000000d5580000, 0x00000000d6e00000, 0x0000000100000000)
  eden space 12288K, 100% used [0x00000000d5580000,0x00000000d6180000,0x00000000d6180000)
  from space 512K, 29% used [0x00000000d6d80000,0x00000000d6da5200,0x00000000d6e00000)
  to   space 512K, 0% used [0x00000000d6d00000,0x00000000d6d00000,0x00000000d6d80000)
 ParOldGen       total 1308160K, used 530065K [0x0000000080000000, 0x00000000cfd80000, 0x00000000d5580000)
  object space 1308160K, 40% used [0x0000000080000000,0x00000000a05a47e0,0x00000000cfd80000)
 Metaspace       used 85703K, committed 87488K, reserved 1179648K
  class space    used 8817K, committed 9600K, reserved 1048576K
}
Event: 4978.517 GC heap after
{Heap after GC invocations=2595 (full 4):
 PSYoungGen      total 12800K, used 265K [0x00000000d5580000, 0x00000000d6e00000, 0x0000000100000000)
  eden space 12288K, 0% used [0x00000000d5580000,0x00000000d5580000,0x00000000d6180000)
  from space 512K, 51% used [0x00000000d6d00000,0x00000000d6d42400,0x00000000d6d80000)
  to   space 512K, 0% used [0x00000000d6d80000,0x00000000d6d80000,0x00000000d6e00000)
 ParOldGen       total 1308160K, used 530137K [0x0000000080000000, 0x00000000cfd80000, 0x00000000d5580000)
  object space 1308160K, 40% used [0x0000000080000000,0x00000000a05b67e0,0x00000000cfd80000)
 Metaspace       used 85703K, committed 87488K, reserved 1179648K
  class space    used 8817K, committed 9600K, reserved 1048576K
}
Event: 5131.666 GC heap before
{Heap before GC invocations=2596 (full 4):
 PSYoungGen      total 12800K, used 12553K [0x00000000d5580000, 0x00000000d6e00000, 0x0000000100000000)
  eden space 12288K, 100% used [0x00000000d5580000,0x00000000d6180000,0x00000000d6180000)
  from space 512K, 51% used [0x00000000d6d00000,0x00000000d6d42400,0x00000000d6d80000)
  to   space 512K, 0% used [0x00000000d6d80000,0x00000000d6d80000,0x00000000d6e00000)
 ParOldGen       total 1308160K, used 530137K [0x0000000080000000, 0x00000000cfd80000, 0x00000000d5580000)
  object space 1308160K, 40% used [0x0000000080000000,0x00000000a05b67e0,0x00000000cfd80000)
 Metaspace       used 85751K, committed 87488K, reserved 1179648K
  class space    used 8817K, committed 9600K, reserved 1048576K
}
Event: 5132.248 GC heap after
{Heap after GC invocations=2596 (full 4):
 PSYoungGen      total 12800K, used 265K [0x00000000d5580000, 0x00000000d6e00000, 0x0000000100000000)
  eden space 12288K, 0% used [0x00000000d5580000,0x00000000d5580000,0x00000000d6180000)
  from space 512K, 51% used [0x00000000d6d80000,0x00000000d6dc2400,0x00000000d6e00000)
  to   space 512K, 0% used [0x00000000d6d00000,0x00000000d6d00000,0x00000000d6d80000)
 ParOldGen       total 1308160K, used 530145K [0x0000000080000000, 0x00000000cfd80000, 0x00000000d5580000)
  object space 1308160K, 40% used [0x0000000080000000,0x00000000a05b87e0,0x00000000cfd80000)
 Metaspace       used 85751K, committed 87488K, reserved 1179648K
  class space    used 8817K, committed 9600K, reserved 1048576K
}
Event: 5137.078 GC heap before
{Heap before GC invocations=2597 (full 4):
 PSYoungGen      total 12800K, used 12553K [0x00000000d5580000, 0x00000000d6e00000, 0x0000000100000000)
  eden space 12288K, 100% used [0x00000000d5580000,0x00000000d6180000,0x00000000d6180000)
  from space 512K, 51% used [0x00000000d6d80000,0x00000000d6dc2400,0x00000000d6e00000)
  to   space 512K, 0% used [0x00000000d6d00000,0x00000000d6d00000,0x00000000d6d80000)
 ParOldGen       total 1308160K, used 530145K [0x0000000080000000, 0x00000000cfd80000, 0x00000000d5580000)
  object space 1308160K, 40% used [0x0000000080000000,0x00000000a05b87e0,0x00000000cfd80000)
 Metaspace       used 85817K, committed 87552K, reserved 1179648K
  class space    used 8817K, committed 9600K, reserved 1048576K
}
Event: 5137.083 GC heap after
{Heap after GC invocations=2597 (full 4):
 PSYoungGen      total 12800K, used 96K [0x00000000d5580000, 0x00000000d6e00000, 0x0000000100000000)
  eden space 12288K, 0% used [0x00000000d5580000,0x00000000d5580000,0x00000000d6180000)
  from space 512K, 18% used [0x00000000d6d00000,0x00000000d6d18000,0x00000000d6d80000)
  to   space 512K, 0% used [0x00000000d6d80000,0x00000000d6d80000,0x00000000d6e00000)
 ParOldGen       total 1308160K, used 530169K [0x0000000080000000, 0x00000000cfd80000, 0x00000000d5580000)
  object space 1308160K, 40% used [0x0000000080000000,0x00000000a05be7e0,0x00000000cfd80000)
 Metaspace       used 85817K, committed 87552K, reserved 1179648K
  class space    used 8817K, committed 9600K, reserved 1048576K
}
Event: 5186.476 GC heap before
{Heap before GC invocations=2598 (full 4):
 PSYoungGen      total 12800K, used 12384K [0x00000000d5580000, 0x00000000d6e00000, 0x0000000100000000)
  eden space 12288K, 100% used [0x00000000d5580000,0x00000000d6180000,0x00000000d6180000)
  from space 512K, 18% used [0x00000000d6d00000,0x00000000d6d18000,0x00000000d6d80000)
  to   space 512K, 0% used [0x00000000d6d80000,0x00000000d6d80000,0x00000000d6e00000)
 ParOldGen       total 1308160K, used 530169K [0x0000000080000000, 0x00000000cfd80000, 0x00000000d5580000)
  object space 1308160K, 40% used [0x0000000080000000,0x00000000a05be7e0,0x00000000cfd80000)
 Metaspace       used 85859K, committed 87616K, reserved 1179648K
  class space    used 8818K, committed 9600K, reserved 1048576K
}
Event: 5187.165 GC heap after
{Heap after GC invocations=2598 (full 4):
 PSYoungGen      total 12800K, used 128K [0x00000000d5580000, 0x00000000d6e00000, 0x0000000100000000)
  eden space 12288K, 0% used [0x00000000d5580000,0x00000000d5580000,0x00000000d6180000)
  from space 512K, 25% used [0x00000000d6d80000,0x00000000d6da0000,0x00000000d6e00000)
  to   space 512K, 0% used [0x00000000d6d00000,0x00000000d6d00000,0x00000000d6d80000)
 ParOldGen       total 1308160K, used 530193K [0x0000000080000000, 0x00000000cfd80000, 0x00000000d5580000)
  object space 1308160K, 40% used [0x0000000080000000,0x00000000a05c47e0,0x00000000cfd80000)
 Metaspace       used 85859K, committed 87616K, reserved 1179648K
  class space    used 8818K, committed 9600K, reserved 1048576K
}
Event: 5283.480 GC heap before
{Heap before GC invocations=2599 (full 4):
 PSYoungGen      total 12800K, used 12416K [0x00000000d5580000, 0x00000000d6e00000, 0x0000000100000000)
  eden space 12288K, 100% used [0x00000000d5580000,0x00000000d6180000,0x00000000d6180000)
  from space 512K, 25% used [0x00000000d6d80000,0x00000000d6da0000,0x00000000d6e00000)
  to   space 512K, 0% used [0x00000000d6d00000,0x00000000d6d00000,0x00000000d6d80000)
 ParOldGen       total 1308160K, used 530193K [0x0000000080000000, 0x00000000cfd80000, 0x00000000d5580000)
  object space 1308160K, 40% used [0x0000000080000000,0x00000000a05c47e0,0x00000000cfd80000)
 Metaspace       used 85865K, committed 87616K, reserved 1179648K
  class space    used 8818K, committed 9600K, reserved 1048576K
}
Event: 5284.172 GC heap after
{Heap after GC invocations=2599 (full 4):
 PSYoungGen      total 12800K, used 489K [0x00000000d5580000, 0x00000000d6e00000, 0x0000000100000000)
  eden space 12288K, 0% used [0x00000000d5580000,0x00000000d5580000,0x00000000d6180000)
  from space 512K, 95% used [0x00000000d6d00000,0x00000000d6d7a420,0x00000000d6d80000)
  to   space 512K, 0% used [0x00000000d6d80000,0x00000000d6d80000,0x00000000d6e00000)
 ParOldGen       total 1308160K, used 530241K [0x0000000080000000, 0x00000000cfd80000, 0x00000000d5580000)
  object space 1308160K, 40% used [0x0000000080000000,0x00000000a05d07e0,0x00000000cfd80000)
 Metaspace       used 85865K, committed 87616K, reserved 1179648K
  class space    used 8818K, committed 9600K, reserved 1048576K
}

Dll operation events (14 events):
Event: 0.028 Loaded shared library c:\Users\User\.vscode\extensions\redhat.java-1.53.0-win32-x64\jre\21.0.10-win32-x86_64\bin\java.dll
Event: 0.483 Loaded shared library c:\Users\User\.vscode\extensions\redhat.java-1.53.0-win32-x64\jre\21.0.10-win32-x86_64\bin\zip.dll
Event: 0.643 Loaded shared library C:\Users\User\.vscode\extensions\redhat.java-1.53.0-win32-x64\jre\21.0.10-win32-x86_64\bin\instrument.dll
Event: 0.678 Loaded shared library C:\Users\User\.vscode\extensions\redhat.java-1.53.0-win32-x64\jre\21.0.10-win32-x86_64\bin\net.dll
Event: 0.690 Loaded shared library C:\Users\User\.vscode\extensions\redhat.java-1.53.0-win32-x64\jre\21.0.10-win32-x86_64\bin\nio.dll
Event: 0.702 Loaded shared library C:\Users\User\.vscode\extensions\redhat.java-1.53.0-win32-x64\jre\21.0.10-win32-x86_64\bin\zip.dll
Event: 0.780 Loaded shared library C:\Users\User\.vscode\extensions\redhat.java-1.53.0-win32-x64\jre\21.0.10-win32-x86_64\bin\jimage.dll
Event: 1.028 Loaded shared library c:\Users\User\.vscode\extensions\redhat.java-1.53.0-win32-x64\jre\21.0.10-win32-x86_64\bin\verify.dll
Event: 26.554 Loaded shared library C:\Users\User\AppData\Roaming\Code\User\globalStorage\redhat.java\1.53.0\config_win\org.eclipse.equinox.launcher\org.eclipse.equinox.launcher.win32.win32.x86_64_1.3.0.v20260203-2149\eclipse_11919.dll
Event: 40.857 Loaded shared library C:\Users\User\.vscode\extensions\redhat.java-1.53.0-win32-x64\jre\21.0.10-win32-x86_64\bin\management.dll
Event: 40.869 Loaded shared library C:\Users\User\.vscode\extensions\redhat.java-1.53.0-win32-x64\jre\21.0.10-win32-x86_64\bin\management_ext.dll
Event: 47.024 Loaded shared library C:\Users\User\AppData\Local\Temp\jna-2645995\jna6823669250450056642.dll
Event: 48.356 Loaded shared library C:\Users\User\.vscode\extensions\redhat.java-1.53.0-win32-x64\jre\21.0.10-win32-x86_64\bin\sunmscapi.dll
Event: 49.168 Loaded shared library C:\Users\User\.vscode\extensions\redhat.java-1.53.0-win32-x64\jre\21.0.10-win32-x86_64\bin\extnet.dll

Deoptimization events (20 events):
Event: 5132.508 Thread 0x00000181746680d0 DEOPT PACKING pc=0x0000018121bc00d8 sp=0x0000002e055fe4c0
Event: 5132.508 Thread 0x00000181746680d0 DEOPT UNPACKING pc=0x0000018120713aa2 sp=0x0000002e055fe440 mode 2
Event: 5132.943 Thread 0x00000181746680d0 Uncommon trap: trap_request=0xffffff6e fr.pc=0x0000018121e89064 relative=0x00000000000009c4
Event: 5132.945 Thread 0x00000181746680d0 Uncommon trap: reason=loop_limit_check action=maybe_recompile pc=0x0000018121e89064 method=org.eclipse.jdt.internal.compiler.lookup.ParameterizedTypeBinding.superInterfaces()[Lorg/eclipse/jdt/internal/compiler/lookup/ReferenceBinding; @ 107 c2
Event: 5132.945 Thread 0x00000181746680d0 DEOPT PACKING pc=0x0000018121e89064 sp=0x0000002e055fd7f0
Event: 5132.945 Thread 0x00000181746680d0 DEOPT UNPACKING pc=0x0000018120713aa2 sp=0x0000002e055fd7e8 mode 2
Event: 5134.231 Thread 0x00000181746680d0 DEOPT PACKING pc=0x000001811bf0f249 sp=0x0000002e055fd9e0
Event: 5134.231 Thread 0x00000181746680d0 DEOPT UNPACKING pc=0x0000018120714242 sp=0x0000002e055fcec8 mode 0
Event: 5284.673 Thread 0x00000181746673b0 Uncommon trap: trap_request=0xffffff45 fr.pc=0x0000018121e7737c relative=0x00000000000001bc
Event: 5284.674 Thread 0x00000181746673b0 Uncommon trap: reason=unstable_if action=reinterpret pc=0x0000018121e7737c method=org.eclipse.jdt.internal.codeassist.impl.AssistParser.requireExtendedRecovery()Z @ 7 c2
Event: 5284.676 Thread 0x00000181746673b0 DEOPT PACKING pc=0x0000018121e7737c sp=0x0000002e070fe800
Event: 5284.682 Thread 0x00000181746673b0 DEOPT UNPACKING pc=0x0000018120713aa2 sp=0x0000002e070fe728 mode 2
Event: 5284.685 Thread 0x00000181746673b0 Uncommon trap: trap_request=0xffffff45 fr.pc=0x0000018121ecf758 relative=0x0000000000000498
Event: 5284.685 Thread 0x00000181746673b0 Uncommon trap: reason=unstable_if action=reinterpret pc=0x0000018121ecf758 method=org.eclipse.jdt.internal.codeassist.impl.AssistParser.consumeToken(Lorg/eclipse/jdt/internal/compiler/parser/TerminalToken;)V @ 111 c2
Event: 5284.685 Thread 0x00000181746673b0 DEOPT PACKING pc=0x0000018121ecf758 sp=0x0000002e070fe7b0
Event: 5284.732 Thread 0x00000181746673b0 DEOPT UNPACKING pc=0x0000018120713aa2 sp=0x0000002e070fe750 mode 2
Event: 5284.733 Thread 0x00000181746673b0 Uncommon trap: trap_request=0xffffff45 fr.pc=0x0000018121e87548 relative=0x00000000000002e8
Event: 5284.733 Thread 0x00000181746673b0 Uncommon trap: reason=unstable_if action=reinterpret pc=0x0000018121e87548 method=org.eclipse.jdt.internal.codeassist.select.SelectionParser.consumeToken(Lorg/eclipse/jdt/internal/compiler/parser/TerminalToken;)V @ 443 c2
Event: 5284.737 Thread 0x00000181746673b0 DEOPT PACKING pc=0x0000018121e87548 sp=0x0000002e070fe7f0
Event: 5284.738 Thread 0x00000181746673b0 DEOPT UNPACKING pc=0x0000018120713aa2 sp=0x0000002e070fe778 mode 2

Classes loaded (20 events):
Event: 1961.686 Loading class org/xml/sax/SAXNotRecognizedException
Event: 1961.700 Loading class org/xml/sax/SAXNotRecognizedException done
Event: 1961.701 Loading class org/xml/sax/SAXNotSupportedException
Event: 1961.702 Loading class org/xml/sax/SAXNotSupportedException done
Event: 1961.743 Loading class com/sun/org/apache/xerces/internal/util/URI
Event: 1961.778 Loading class com/sun/org/apache/xerces/internal/util/URI done
Event: 1961.799 Loading class com/sun/org/apache/xerces/internal/xni/XNIException
Event: 1961.803 Loading class com/sun/org/apache/xerces/internal/xni/XNIException done
Event: 1961.903 Loading class com/sun/org/apache/xerces/internal/xni/parser/XMLParseException
Event: 1961.904 Loading class com/sun/org/apache/xerces/internal/xni/parser/XMLParseException done
Event: 1965.306 Loading class java/nio/BufferMismatch
Event: 1965.310 Loading class java/nio/BufferMismatch done
Event: 3828.405 Loading class java/lang/UnsupportedClassVersionError
Event: 3828.416 Loading class java/lang/UnsupportedClassVersionError done
Event: 4408.203 Loading class jdk/internal/ref/CleanerImpl$InnocuousThreadFactory
Event: 4408.205 Loading class jdk/internal/ref/CleanerImpl$InnocuousThreadFactory done
Event: 4963.519 Loading class java/util/function/IntPredicate
Event: 4963.522 Loading class java/util/function/IntPredicate done
Event: 4963.765 Loading class java/util/regex/Pattern$Bound
Event: 4963.768 Loading class java/util/regex/Pattern$Bound done

Classes unloaded (20 events):
Event: 42.658 Thread 0x000001811604c9f0 Unloading class 0x000001812e1ab400 'java/lang/invoke/LambdaForm$DMH+0x000001812e1ab400'
Event: 42.658 Thread 0x000001811604c9f0 Unloading class 0x000001812e1aa000 'java/lang/invoke/LambdaForm$DMH+0x000001812e1aa000'
Event: 46.359 Thread 0x000001811604c9f0 Unloading class 0x000001812e2e8800 'java/lang/invoke/LambdaForm$MH+0x000001812e2e8800'
Event: 46.359 Thread 0x000001811604c9f0 Unloading class 0x000001812e2e7400 'java/lang/invoke/LambdaForm$MH+0x000001812e2e7400'
Event: 46.359 Thread 0x000001811604c9f0 Unloading class 0x000001812e2e7000 'java/lang/invoke/LambdaForm$DMH+0x000001812e2e7000'
Event: 46.359 Thread 0x000001811604c9f0 Unloading class 0x000001812e2e6400 'java/lang/invoke/LambdaForm$MH+0x000001812e2e6400'
Event: 1952.165 Thread 0x000001811604c9f0 Unloading class 0x000001812e825400 'com/google/gson/internal/reflect/ReflectionHelper$RecordSupportedHelper$$InjectedInvoker+0x000001812e825400'
Event: 1952.166 Thread 0x000001811604c9f0 Unloading class 0x000001812e824c00 'java/lang/invoke/LambdaForm$MH+0x000001812e824c00'
Event: 1952.166 Thread 0x000001811604c9f0 Unloading class 0x000001812e824000 'java/lang/invoke/LambdaForm$MH+0x000001812e824000'
Event: 1952.166 Thread 0x000001811604c9f0 Unloading class 0x000001812e823c00 'java/lang/invoke/LambdaForm$MH+0x000001812e823c00'
Event: 1952.166 Thread 0x000001811604c9f0 Unloading class 0x000001812e823400 'java/lang/invoke/LambdaForm$DMH+0x000001812e823400'
Event: 1952.167 Thread 0x000001811604c9f0 Unloading class 0x000001812e822800 'java/lang/invoke/LambdaForm$MH+0x000001812e822800'
Event: 1952.168 Thread 0x000001811604c9f0 Unloading class 0x000001812e822000 'java/lang/invoke/LambdaForm$MH+0x000001812e822000'
Event: 1952.168 Thread 0x000001811604c9f0 Unloading class 0x000001812e821c00 'java/lang/invoke/LambdaForm$DMH+0x000001812e821c00'
Event: 1952.168 Thread 0x000001811604c9f0 Unloading class 0x000001812e821000 'java/lang/invoke/LambdaForm$MH+0x000001812e821000'
Event: 1952.168 Thread 0x000001811604c9f0 Unloading class 0x000001812e820c00 'java/lang/invoke/LambdaForm$DMH+0x000001812e820c00'
Event: 1952.168 Thread 0x000001811604c9f0 Unloading class 0x000001812e81bc00 'java/lang/invoke/LambdaForm$MH+0x000001812e81bc00'
Event: 1952.168 Thread 0x000001811604c9f0 Unloading class 0x000001812e81b800 'java/lang/invoke/LambdaForm$DMH+0x000001812e81b800'
Event: 1952.169 Thread 0x000001811604c9f0 Unloading class 0x000001812e818c00 'java/lang/invoke/LambdaForm$MH+0x000001812e818c00'
Event: 1952.170 Thread 0x000001811604c9f0 Unloading class 0x000001812e818400 'java/lang/invoke/LambdaForm$MH+0x000001812e818400'

Classes redefined (0 events):
No events

Internal exceptions (20 events):
Event: 4429.179 Thread 0x0000018174668760 Exception <a 'java/lang/ArrayIndexOutOfBoundsException'{0x00000000d5974b38}> (0x00000000d5974b38) 
thrown [s\src\hotspot\share\runtime\sharedRuntime.cpp, line 625]
Event: 4447.891 Thread 0x000001817466c270 Exception <a 'java/lang/ArrayIndexOutOfBoundsException'{0x00000000d5939a48}> (0x00000000d5939a48) 
thrown [s\src\hotspot\share\runtime\sharedRuntime.cpp, line 625]
Event: 4450.905 Thread 0x000001817466c270 Exception <a 'java/lang/ArrayIndexOutOfBoundsException'{0x00000000d5846110}> (0x00000000d5846110) 
thrown [s\src\hotspot\share\runtime\sharedRuntime.cpp, line 625]
Event: 4455.866 Thread 0x000001817466c270 Exception <a 'java/lang/ArrayIndexOutOfBoundsException'{0x00000000d58b8708}> (0x00000000d58b8708) 
thrown [s\src\hotspot\share\runtime\sharedRuntime.cpp, line 625]
Event: 4455.866 Thread 0x000001817466c270 Exception <a 'java/lang/ArrayIndexOutOfBoundsException'{0x00000000d58b8d40}> (0x00000000d58b8d40) 
thrown [s\src\hotspot\share\runtime\sharedRuntime.cpp, line 625]
Event: 4455.866 Thread 0x000001817466c270 Exception <a 'java/lang/ArrayIndexOutOfBoundsException'{0x00000000d58b90c8}> (0x00000000d58b90c8) 
thrown [s\src\hotspot\share\runtime\sharedRuntime.cpp, line 625]
Event: 4457.097 Thread 0x0000018174980ac0 Exception <a 'java/lang/NoSuchMethodError'{0x00000000d5e84bb0}: 'java.lang.Object java.lang.invoke.DirectMethodHandle$Holder.invokeStatic(java.lang.Object, int, int, java.lang.Object)'> (0x00000000d5e84bb0) 
thrown [s\src\hotspot\share\interpreter\linkResolver.cpp, line 773]
Event: 4465.841 Thread 0x0000018174980ac0 Exception <a 'java/lang/IncompatibleClassChangeError'{0x00000000d5e308f0}: Found class java.lang.Object, but interface was expected> (0x00000000d5e308f0) 
thrown [s\src\hotspot\share\interpreter\linkResolver.cpp, line 840]
Event: 4465.843 Thread 0x0000018174980ac0 Exception <a 'java/lang/IncompatibleClassChangeError'{0x00000000d5e34a98}: Found class java.lang.Object, but interface was expected> (0x00000000d5e34a98) 
thrown [s\src\hotspot\share\interpreter\linkResolver.cpp, line 840]
Event: 4466.160 Thread 0x000001816e6e2820 Implicit null exception at 0x00000181215fa780 to 0x00000181215fcbb8
Event: 4466.742 Thread 0x000001816e6e2820 Exception <a 'sun/nio/fs/WindowsException'{0x00000000d5619430}> (0x00000000d5619430) 
thrown [s\src\hotspot\share\prims\jni.cpp, line 520]
Event: 4480.802 Thread 0x000001816e6e2820 Exception <a 'sun/nio/fs/WindowsException'{0x00000000d5ac31f8}> (0x00000000d5ac31f8) 
thrown [s\src\hotspot\share\prims\jni.cpp, line 520]
Event: 4500.590 Thread 0x00000181746652e0 Exception <a 'sun/nio/fs/WindowsException'{0x00000000d5847838}> (0x00000000d5847838) 
thrown [s\src\hotspot\share\prims\jni.cpp, line 520]
Event: 4500.601 Thread 0x00000181746652e0 Exception <a 'sun/nio/fs/WindowsException'{0x00000000d5848428}> (0x00000000d5848428) 
thrown [s\src\hotspot\share\prims\jni.cpp, line 520]
Event: 4937.480 Thread 0x00000181746680d0 Exception <a 'java/lang/NoSuchMethodError'{0x00000000d596a7c8}: 'java.lang.Object java.lang.invoke.DirectMethodHandle$Holder.newInvokeSpecial(java.lang.Object, java.lang.Object, int, java.lang.Object, java.lang.Object, java.lang.Object, java.lang.Object)'> (0x00000000d596a7c8) 
thrown [s\src\hotspot\share\interpreter\linkResolver.cpp, line 773]
Event: 4957.123 Thread 0x0000018174980ac0 Exception <a 'java/lang/IncompatibleClassChangeError'{0x00000000d5cf2448}: Found class java.lang.Object, but interface was expected> (0x00000000d5cf2448) 
thrown [s\src\hotspot\share\interpreter\linkResolver.cpp, line 840]
Event: 4963.530 Thread 0x000001817466c270 Exception <a 'java/lang/NoSuchMethodError'{0x00000000d5d88098}: 'int java.lang.invoke.DirectMethodHandle$Holder.invokeStaticInit(java.lang.Object, int)'> (0x00000000d5d88098) 
thrown [s\src\hotspot\share\interpreter\linkResolver.cpp, line 773]
Event: 4963.579 Thread 0x0000018174666000 Implicit null exception at 0x0000018120cf9eef to 0x0000018120cfaed4
Event: 4963.590 Thread 0x0000018174666000 Implicit null exception at 0x0000018121b2cbaf to 0x0000018121b2d548
Event: 4963.591 Thread 0x0000018174666000 Implicit null exception at 0x0000018121b2e1c7 to 0x0000018121b2e8b0

ZGC Phase Switch (0 events):
No events

VM Operations (20 events):
Event: 5672.958 Executing non-safepoint VM operation: HandshakeAllThreads (HandshakeForDeflation)
Event: 5673.012 Executing non-safepoint VM operation: HandshakeAllThreads (HandshakeForDeflation) done
Event: 5673.014 Executing non-safepoint VM operation: RendezvousGCThreads
Event: 5673.014 Executing non-safepoint VM operation: RendezvousGCThreads done
Event: 5733.804 Executing non-safepoint VM operation: HandshakeAllThreads (HandshakeForDeflation)
Event: 5734.657 Executing non-safepoint VM operation: HandshakeAllThreads (HandshakeForDeflation) done
Event: 5734.664 Executing non-safepoint VM operation: RendezvousGCThreads
Event: 5734.664 Executing non-safepoint VM operation: RendezvousGCThreads done
Event: 5793.286 Executing non-safepoint VM operation: HandshakeAllThreads (HandshakeForDeflation)
Event: 5793.292 Executing non-safepoint VM operation: HandshakeAllThreads (HandshakeForDeflation) done
Event: 5793.293 Executing non-safepoint VM operation: RendezvousGCThreads
Event: 5793.293 Executing non-safepoint VM operation: RendezvousGCThreads done
Event: 5853.382 Executing non-safepoint VM operation: HandshakeAllThreads (HandshakeForDeflation)
Event: 5853.392 Executing non-safepoint VM operation: HandshakeAllThreads (HandshakeForDeflation) done
Event: 5853.393 Executing non-safepoint VM operation: RendezvousGCThreads
Event: 5853.393 Executing non-safepoint VM operation: RendezvousGCThreads done
Event: 5913.538 Executing non-safepoint VM operation: HandshakeAllThreads (HandshakeForDeflation)
Event: 5913.545 Executing non-safepoint VM operation: HandshakeAllThreads (HandshakeForDeflation) done
Event: 5913.545 Executing non-safepoint VM operation: RendezvousGCThreads
Event: 5913.545 Executing non-safepoint VM operation: RendezvousGCThreads done

Memory protections (0 events):
No events

Nmethod flushes (20 events):
Event: 1955.464 Thread 0x000001811604c9f0 flushing  nmethod 0x000001811a596510
Event: 1955.464 Thread 0x000001811604c9f0 flushing  nmethod 0x000001811a597410
Event: 1955.464 Thread 0x000001811604c9f0 flushing  nmethod 0x000001811a59b690
Event: 1955.464 Thread 0x000001811604c9f0 flushing  nmethod 0x000001811a59be90
Event: 1955.464 Thread 0x000001811604c9f0 flushing  nmethod 0x000001811a5afc90
Event: 1955.464 Thread 0x000001811604c9f0 flushing  nmethod 0x000001811a5b3210
Event: 1955.464 Thread 0x000001811604c9f0 flushing  nmethod 0x000001811a5c0e10
Event: 1955.465 Thread 0x000001811604c9f0 flushing  nmethod 0x000001811a5c2110
Event: 1955.465 Thread 0x000001811604c9f0 flushing  nmethod 0x000001811a5c5290
Event: 1955.465 Thread 0x000001811604c9f0 flushing  nmethod 0x000001811a5eaa10
Event: 1955.465 Thread 0x000001811604c9f0 flushing  nmethod 0x000001811a5fb890
Event: 1955.465 Thread 0x000001811604c9f0 flushing  nmethod 0x000001811a604e90
Event: 1955.465 Thread 0x000001811604c9f0 flushing osr nmethod 0x000001811a615f90
Event: 1955.465 Thread 0x000001811604c9f0 flushing  nmethod 0x000001811a644790
Event: 1955.465 Thread 0x000001811604c9f0 flushing  nmethod 0x000001811a6f5310
Event: 1955.465 Thread 0x000001811604c9f0 flushing  nmethod 0x000001811a781a90
Event: 1955.465 Thread 0x000001811604c9f0 flushing  nmethod 0x000001811a782b10
Event: 1955.465 Thread 0x000001811604c9f0 flushing  nmethod 0x000001811a782f90
Event: 1955.466 Thread 0x000001811604c9f0 flushing  nmethod 0x000001811a784910
Event: 1955.466 Thread 0x000001811604c9f0 flushing  nmethod 0x000001811a78f690

Events (20 events):
Event: 4559.868 Thread 0x0000018174668df0 Thread exited: 0x0000018174668df0
Event: 4559.871 Thread 0x0000018176a8ce40 Thread exited: 0x0000018176a8ce40
Event: 4561.306 Thread 0x000001817497fda0 Thread exited: 0x000001817497fda0
Event: 4602.995 Thread 0x0000018174668760 Thread exited: 0x0000018174668760
Event: 4663.186 Thread 0x000001817466c270 Thread exited: 0x000001817466c270
Event: 4767.617 Thread 0x000001817497f080 Thread exited: 0x000001817497f080
Event: 4921.487 Thread 0x0000018174980ac0 Thread added: 0x00000181746680d0
Event: 4929.435 Thread 0x00000181746652e0 Thread added: 0x0000018174666d20
Event: 4929.445 Thread 0x0000018174666d20 Thread added: 0x000001817466c900
Event: 4931.190 Thread 0x0000018174980ac0 Thread added: 0x000001817466c270
Event: 4931.202 Thread 0x000001817466c270 Thread added: 0x0000018174666000
Event: 4992.734 Thread 0x0000018174666d20 Thread exited: 0x0000018174666d20
Event: 4992.735 Thread 0x000001817466c900 Thread exited: 0x000001817466c900
Event: 5038.698 Thread 0x0000018174666000 Thread exited: 0x0000018174666000
Event: 5131.623 Thread 0x000001817466c270 Thread added: 0x0000018174666d20
Event: 5251.975 Thread 0x000001817466c270 Thread exited: 0x000001817466c270
Event: 5281.287 Thread 0x0000018174980ac0 Thread added: 0x00000181746673b0
Event: 5345.701 Thread 0x00000181746673b0 Thread exited: 0x00000181746673b0
Event: 5405.738 Thread 0x0000018174666d20 Thread exited: 0x0000018174666d20
Event: 5467.696 Thread 0x00000181746680d0 Thread exited: 0x00000181746680d0


Dynamic libraries:
0x00007ff7f34a0000 - 0x00007ff7f34ae000 	c:\Users\User\.vscode\extensions\redhat.java-1.53.0-win32-x64\jre\21.0.10-win32-x86_64\bin\java.exe
0x00007ffd70070000 - 0x00007ffd70268000 	C:\Windows\SYSTEM32\ntdll.dll
0x00007ffd6f800000 - 0x00007ffd6f8c2000 	C:\Windows\System32\KERNEL32.DLL
0x00007ffd6db50000 - 0x00007ffd6de46000 	C:\Windows\System32\KERNELBASE.dll
0x00007ffd69530000 - 0x00007ffd695c4000 	C:\Windows\SYSTEM32\apphelp.dll
0x00007ffd6d930000 - 0x00007ffd6da30000 	C:\Windows\System32\ucrtbase.dll
0x00007ffd6a480000 - 0x00007ffd6a498000 	c:\Users\User\.vscode\extensions\redhat.java-1.53.0-win32-x64\jre\21.0.10-win32-x86_64\bin\jli.dll
0x00007ffd6fda0000 - 0x00007ffd6ff41000 	C:\Windows\System32\USER32.dll
0x00007ffd6d700000 - 0x00007ffd6d722000 	C:\Windows\System32\win32u.dll
0x00007ffd6f160000 - 0x00007ffd6f18b000 	C:\Windows\System32\GDI32.dll
0x00007ffd6d730000 - 0x00007ffd6d849000 	C:\Windows\System32\gdi32full.dll
0x00007ffd6dab0000 - 0x00007ffd6db4d000 	C:\Windows\System32\msvcp_win.dll
0x00007ffd66310000 - 0x00007ffd6632e000 	c:\Users\User\.vscode\extensions\redhat.java-1.53.0-win32-x64\jre\21.0.10-win32-x86_64\bin\VCRUNTIME140.dll
0x00007ffd5a500000 - 0x00007ffd5a79b000 	C:\Windows\WinSxS\amd64_microsoft.windows.common-controls_6595b64144ccf1df_6.0.19041.6456_none_60b8a6cb71f64256\COMCTL32.dll
0x00007ffd6f700000 - 0x00007ffd6f79e000 	C:\Windows\System32\msvcrt.dll
0x00007ffd6f370000 - 0x00007ffd6f39f000 	C:\Windows\System32\IMM32.DLL
0x00007ffd6a560000 - 0x00007ffd6a56c000 	c:\Users\User\.vscode\extensions\redhat.java-1.53.0-win32-x64\jre\21.0.10-win32-x86_64\bin\vcruntime140_1.dll
0x00007ffd49220000 - 0x00007ffd492ad000 	c:\Users\User\.vscode\extensions\redhat.java-1.53.0-win32-x64\jre\21.0.10-win32-x86_64\bin\msvcp140.dll
0x00007ffd1a300000 - 0x00007ffd1b0a1000 	c:\Users\User\.vscode\extensions\redhat.java-1.53.0-win32-x64\jre\21.0.10-win32-x86_64\bin\server\jvm.dll
0x00007ffd6f190000 - 0x00007ffd6f241000 	C:\Windows\System32\ADVAPI32.dll
0x00007ffd6e770000 - 0x00007ffd6e80f000 	C:\Windows\System32\sechost.dll
0x00007ffd6f5e0000 - 0x00007ffd6f700000 	C:\Windows\System32\RPCRT4.dll
0x00007ffd6d900000 - 0x00007ffd6d927000 	C:\Windows\System32\bcrypt.dll
0x00007ffd6f570000 - 0x00007ffd6f5db000 	C:\Windows\System32\WS2_32.dll
0x00007ffd6d560000 - 0x00007ffd6d5ab000 	C:\Windows\SYSTEM32\POWRPROF.dll
0x00007ffd57d70000 - 0x00007ffd57d97000 	C:\Windows\SYSTEM32\WINMM.dll
0x00007ffd67360000 - 0x00007ffd6736a000 	C:\Windows\SYSTEM32\VERSION.dll
0x00007ffd6d540000 - 0x00007ffd6d552000 	C:\Windows\SYSTEM32\UMPDC.dll
0x00007ffd6b530000 - 0x00007ffd6b542000 	C:\Windows\SYSTEM32\kernel.appcore.dll
0x00007ffd6a2e0000 - 0x00007ffd6a2ea000 	c:\Users\User\.vscode\extensions\redhat.java-1.53.0-win32-x64\jre\21.0.10-win32-x86_64\bin\jimage.dll
0x00007ffd57eb0000 - 0x00007ffd580b1000 	C:\Windows\SYSTEM32\DBGHELP.DLL
0x00007ffd4b6e0000 - 0x00007ffd4b714000 	C:\Windows\SYSTEM32\dbgcore.DLL
0x00007ffd6e000000 - 0x00007ffd6e082000 	C:\Windows\System32\bcryptPrimitives.dll
0x00007ffd66350000 - 0x00007ffd6635f000 	c:\Users\User\.vscode\extensions\redhat.java-1.53.0-win32-x64\jre\21.0.10-win32-x86_64\bin\instrument.dll
0x00007ffd662f0000 - 0x00007ffd66310000 	c:\Users\User\.vscode\extensions\redhat.java-1.53.0-win32-x64\jre\21.0.10-win32-x86_64\bin\java.dll
0x00007ffd6e8c0000 - 0x00007ffd6f030000 	C:\Windows\System32\SHELL32.dll
0x00007ffd6b730000 - 0x00007ffd6bed5000 	C:\Windows\SYSTEM32\windows.storage.dll
0x00007ffd6e1a0000 - 0x00007ffd6e4f4000 	C:\Windows\System32\combase.dll
0x00007ffd6d050000 - 0x00007ffd6d07b000 	C:\Windows\SYSTEM32\Wldp.dll
0x00007ffd6e500000 - 0x00007ffd6e5cd000 	C:\Windows\System32\OLEAUT32.dll
0x00007ffd6e090000 - 0x00007ffd6e13d000 	C:\Windows\System32\SHCORE.dll
0x00007ffd6f8d0000 - 0x00007ffd6f92b000 	C:\Windows\System32\shlwapi.dll
0x00007ffd6d630000 - 0x00007ffd6d654000 	C:\Windows\SYSTEM32\profapi.dll
0x00007ffd662d0000 - 0x00007ffd662e8000 	c:\Users\User\.vscode\extensions\redhat.java-1.53.0-win32-x64\jre\21.0.10-win32-x86_64\bin\zip.dll
0x00007ffd65fe0000 - 0x00007ffd65ff0000 	C:\Users\User\.vscode\extensions\redhat.java-1.53.0-win32-x64\jre\21.0.10-win32-x86_64\bin\net.dll
0x00007ffd62a50000 - 0x00007ffd62b5a000 	C:\Windows\SYSTEM32\WINHTTP.dll
0x00007ffd6cd90000 - 0x00007ffd6cdfa000 	C:\Windows\system32\mswsock.dll
0x00007ffd63de0000 - 0x00007ffd63df6000 	C:\Users\User\.vscode\extensions\redhat.java-1.53.0-win32-x64\jre\21.0.10-win32-x86_64\bin\nio.dll
0x00007ffd64640000 - 0x00007ffd64650000 	c:\Users\User\.vscode\extensions\redhat.java-1.53.0-win32-x64\jre\21.0.10-win32-x86_64\bin\verify.dll
0x00007ffd4cad0000 - 0x00007ffd4cb15000 	C:\Users\User\AppData\Roaming\Code\User\globalStorage\redhat.java\1.53.0\config_win\org.eclipse.equinox.launcher\org.eclipse.equinox.launcher.win32.win32.x86_64_1.3.0.v20260203-2149\eclipse_11919.dll
0x00007ffd6f030000 - 0x00007ffd6f15b000 	C:\Windows\System32\ole32.dll
0x00007ffd64630000 - 0x00007ffd6463a000 	C:\Users\User\.vscode\extensions\redhat.java-1.53.0-win32-x64\jre\21.0.10-win32-x86_64\bin\management.dll
0x00007ffd63ef0000 - 0x00007ffd63efc000 	C:\Users\User\.vscode\extensions\redhat.java-1.53.0-win32-x64\jre\21.0.10-win32-x86_64\bin\management_ext.dll
0x00007ffd6e5d0000 - 0x00007ffd6e5d8000 	C:\Windows\System32\PSAPI.DLL
0x00007ffd6cfb0000 - 0x00007ffd6cfc8000 	C:\Windows\SYSTEM32\CRYPTSP.dll
0x00007ffd6c690000 - 0x00007ffd6c6c8000 	C:\Windows\system32\rsaenh.dll
0x00007ffd6d5f0000 - 0x00007ffd6d61e000 	C:\Windows\SYSTEM32\USERENV.dll
0x00007ffd6cfa0000 - 0x00007ffd6cfac000 	C:\Windows\SYSTEM32\CRYPTBASE.dll
0x00007ffd6ca60000 - 0x00007ffd6ca9b000 	C:\Windows\SYSTEM32\IPHLPAPI.DLL
0x00007ffd6e760000 - 0x00007ffd6e768000 	C:\Windows\System32\NSI.dll
0x00007ffd431d0000 - 0x00007ffd43219000 	C:\Users\User\AppData\Local\Temp\jna-2645995\jna6823669250450056642.dll
0x00007ffd649d0000 - 0x00007ffd649e7000 	C:\Windows\SYSTEM32\dhcpcsvc6.DLL
0x00007ffd64830000 - 0x00007ffd6484d000 	C:\Windows\SYSTEM32\dhcpcsvc.DLL
0x00007ffd63ee0000 - 0x00007ffd63eee000 	C:\Users\User\.vscode\extensions\redhat.java-1.53.0-win32-x64\jre\21.0.10-win32-x86_64\bin\sunmscapi.dll
0x00007ffd6de50000 - 0x00007ffd6dfad000 	C:\Windows\System32\CRYPT32.dll
0x00007ffd6d0c0000 - 0x00007ffd6d0e7000 	C:\Windows\SYSTEM32\ncrypt.dll
0x00007ffd6d080000 - 0x00007ffd6d0bb000 	C:\Windows\SYSTEM32\NTASN1.dll
0x00007ffd6caa0000 - 0x00007ffd6cb6a000 	C:\Windows\SYSTEM32\DNSAPI.dll
0x00007ffd5b4c0000 - 0x00007ffd5b4ca000 	C:\Windows\System32\rasadhlp.dll
0x00007ffd5b330000 - 0x00007ffd5b3b0000 	C:\Windows\System32\fwpuclnt.dll
0x00007ffd63ed0000 - 0x00007ffd63ed9000 	C:\Users\User\.vscode\extensions\redhat.java-1.53.0-win32-x64\jre\21.0.10-win32-x86_64\bin\extnet.dll
0x00007ffd6c8f0000 - 0x00007ffd6c923000 	C:\Windows\SYSTEM32\ntmarta.dll

JVMTI agents:
c:\Users\User\.vscode\extensions\redhat.java-1.53.0-win32-x64\lombok\lombok-1.18.39-4050.jar path:c:\Users\User\.vscode\extensions\redhat.java-1.53.0-win32-x64\jre\21.0.10-win32-x86_64\bin\instrument.dll, loaded, initialized, instrumentlib options:none

dbghelp: loaded successfully - version: 4.0.5 - missing functions: none
symbol engine: initialized successfully - sym options: 0x614 - pdb path: .;c:\Users\User\.vscode\extensions\redhat.java-1.53.0-win32-x64\jre\21.0.10-win32-x86_64\bin;C:\Windows\SYSTEM32;C:\Windows\WinSxS\amd64_microsoft.windows.common-controls_6595b64144ccf1df_6.0.19041.6456_none_60b8a6cb71f64256;c:\Users\User\.vscode\extensions\redhat.java-1.53.0-win32-x64\jre\21.0.10-win32-x86_64\bin\server;C:\Users\User\AppData\Roaming\Code\User\globalStorage\redhat.java\1.53.0\config_win\org.eclipse.equinox.launcher\org.eclipse.equinox.launcher.win32.win32.x86_64_1.3.0.v20260203-2149;C:\Users\User\AppData\Local\Temp\jna-2645995

VM Arguments:
jvm_args: --add-modules=ALL-SYSTEM --add-opens=java.base/java.util=ALL-UNNAMED --add-opens=java.base/java.lang=ALL-UNNAMED --add-opens=java.base/sun.nio.fs=ALL-UNNAMED -Declipse.application=org.eclipse.jdt.ls.core.id1 -Dosgi.bundles.defaultStartLevel=4 -Declipse.product=org.eclipse.jdt.ls.core.product -Djava.import.generatesMetadataFilesAtProjectRoot=false -DDetectVMInstallationsJob.disabled=true -Dfile.encoding=utf8 -XX:+UseParallelGC -XX:GCTimeRatio=4 -XX:AdaptiveSizePolicyWeight=90 -Dsun.zip.disableMemoryMapping=true -Xmx2G -Xms100m -Xlog:disable -javaagent:c:\Users\User\.vscode\extensions\redhat.java-1.53.0-win32-x64\lombok\lombok-1.18.39-4050.jar -XX:+HeapDumpOnOutOfMemoryError -XX:HeapDumpPath=c:\Users\User\AppData\Roaming\Code\User\workspaceStorage\2b42f311a94d99c9cbae60540f6b5658\redhat.java -Daether.dependencyCollector.impl=bf 
java_command: c:\Users\User\.vscode\extensions\redhat.java-1.53.0-win32-x64\server\plugins\org.eclipse.equinox.launcher_1.7.100.v20251111-0406.jar -configuration c:\Users\User\AppData\Roaming\Code\User\globalStorage\redhat.java\1.53.0\config_win -data c:\Users\User\AppData\Roaming\Code\User\workspaceStorage\2b42f311a94d99c9cbae60540f6b5658\redhat.java\jdt_ws --pipe=\\.\pipe\lsp-da0c4fb929953cd5446d4747cf63a1f5-sock
java_class_path (initial): c:\Users\User\.vscode\extensions\redhat.java-1.53.0-win32-x64\server\plugins\org.eclipse.equinox.launcher_1.7.100.v20251111-0406.jar
Launcher Type: SUN_STANDARD

[Global flags]
    uintx AdaptiveSizePolicyWeight                 = 90                                        {product} {command line}
     intx CICompilerCount                          = 3                                         {product} {ergonomic}
    uintx GCTimeRatio                              = 4                                         {product} {command line}
     bool HeapDumpOnOutOfMemoryError               = true                                   {manageable} {command line}
    ccstr HeapDumpPath                             = c:\Users\User\AppData\Roaming\Code\User\workspaceStorage\2b42f311a94d99c9cbae60540f6b5658\redhat.java         {manageable} {command line}
   size_t InitialHeapSize                          = 104857600                                 {product} {command line}
   size_t MaxHeapSize                              = 2147483648                                {product} {command line}
   size_t MaxNewSize                               = 715653120                                 {product} {ergonomic}
   size_t MinHeapDeltaBytes                        = 524288                                    {product} {ergonomic}
   size_t MinHeapSize                              = 104857600                                 {product} {command line}
   size_t NewSize                                  = 34603008                                  {product} {ergonomic}
    uintx NonNMethodCodeHeapSize                   = 5832780                                {pd product} {ergonomic}
    uintx NonProfiledCodeHeapSize                  = 122912730                              {pd product} {ergonomic}
   size_t OldSize                                  = 70254592                                  {product} {ergonomic}
    uintx ProfiledCodeHeapSize                     = 122912730                              {pd product} {ergonomic}
    uintx ReservedCodeCacheSize                    = 251658240                              {pd product} {ergonomic}
     bool SegmentedCodeCache                       = true                                      {product} {ergonomic}
   size_t SoftMaxHeapSize                          = 2147483648                             {manageable} {ergonomic}
     bool UseCompressedOops                        = true                           {product lp64_product} {ergonomic}
     bool UseLargePagesIndividualAllocation        = false                                  {pd product} {ergonomic}
     bool UseParallelGC                            = true                                      {product} {command line}

Logging:
Log output configuration:
 #0: stdout all=off uptime,level,tags foldmultilines=false
 #1: stderr all=off uptime,level,tags foldmultilines=false

Release file:
JAVA_VERSION="21.0.10" 
MODULES="java.base java.compiler java.datatransfer java.xml java.prefs java.desktop java.instrument java.logging java.management java.security.sasl java.naming java.rmi java.management.rmi java.net.http java.scripting java.security.jgss java.transaction.xa java.sql java.sql.rowset java.xml.crypto java.se java.smartcardio jdk.accessibility jdk.internal.jvmstat jdk.attach jdk.charsets jdk.internal.opt jdk.zipfs jdk.compiler jdk.crypto.ec jdk.crypto.cryptoki jdk.crypto.mscapi jdk.dynalink jdk.internal.ed jdk.editpad jdk.hotspot.agent jdk.httpserver jdk.internal.le jdk.internal.vm.ci jdk.internal.vm.compiler jdk.internal.vm.compiler.management jdk.jartool jdk.javadoc jdk.jcmd jdk.management jdk.management.agent jdk.jconsole jdk.jdeps jdk.jdwp.agent jdk.jdi jdk.jfr jdk.jshell jdk.jsobject jdk.jstatd jdk.localedata jdk.management.jfr jdk.naming.dns jdk.naming.rmi jdk.net jdk.nio.mapmode jdk.random jdk.sctp jdk.security.auth jdk.security.jgss jdk.unsupported jdk.unsupported.desktop jdk.xml.dom" 

Environment Variables:
JAVA_HOME=C:\Program Files\Eclipse Adoptium\jdk-21.0.9.10-hotspot
PATH=C:\Program Files\Eclipse Adoptium\jdk-21.0.9.10-hotspot\bin;C:\Users\User\Downloads\product-order-api\product-order-api\bin;;C:\Program Files\Docker\Docker\resources\bin;C:\Users\User\AppData\Local\Programs\Microsoft VS Code\bin;C:\Users\User\AppData\Roaming\npm;C:\Program Files\Eclipse Adoptium\jdk-21.0.9.10-hotspot;
USERNAME=User
OS=Windows_NT
PROCESSOR_IDENTIFIER=Intel64 Family 6 Model 78 Stepping 3, GenuineIntel
TMP=C:\Users\User\AppData\Local\Temp
TEMP=C:\Users\User\AppData\Local\Temp




Periodic native trim disabled

---------------  S Y S T E M  ---------------

OS:
 Windows 10 , 64 bit Build 19041 (10.0.19041.5915)
OS uptime: 25 days 18:39 hours
Hyper-V role detected

CPU: total 4 (initial active 4) (2 cores per cpu, 2 threads per core) family 6 model 78 stepping 3 microcode 0xcc, cx8, cmov, fxsr, ht, mmx, 3dnowpref, sse, sse2, sse3, ssse3, sse4.1, sse4.2, popcnt, lzcnt, tsc, tscinvbit, avx, avx2, aes, erms, clmul, bmi1, bmi2, adx, fma, vzeroupper, clflush, clflushopt, hv, rdtscp, f16c
Processor Information for the first 4 processors :
  Max Mhz: 1992, Current Mhz: 1992, Mhz Limit: 1992

Memory: 4k page, system-wide physical 3970M (120M free)
TotalPageFile size 16258M (AvailPageFile size 19M)
current process WorkingSet (physical memory assigned to process): 8M, peak: 554M
current process commit charge ("private bytes"): 1646M, peak: 1661M

vm_info: OpenJDK 64-Bit Server VM (21.0.10+7-LTS) for windows-amd64 JRE (21.0.10+7-LTS), built on 2026-01-20T00:00:00Z by "admin" with MS VC++ 17.12 (VS2022)

END.
